<?xml version="1.0" encoding="UTF-8"?>
<robot generator="Robot 5.0.1 (Python 3.9.13 on win32)" generated="20220726 18:29:44.081" rpa="false" schemaversion="3">
<suite id="s1" name="TC1" source="C:\Users\pangayat\PycharmProjects\Wellington PC\TestCases\TC1.robot">
<test id="s1-t1" name="SearchContent" line="9">
<kw name="Open Browser" library="SeleniumLibrary">
<arg>${url}</arg>
<arg>${browser}</arg>
<doc>Opens a new browser instance to the optional ``url``.</doc>
<msg timestamp="20220726 18:29:44.219" level="INFO">Opening browser 'Chrome' to base url 'https://www.google.com'.</msg>
<status status="PASS" starttime="20220726 18:29:44.219" endtime="20220726 18:29:46.883"/>
</kw>
<kw name="Input Text" library="SeleniumLibrary">
<arg>xpath=//input[@name="q"]</arg>
<arg>robotframework</arg>
<doc>Types the given ``text`` into the text field identified by ``locator``.</doc>
<msg timestamp="20220726 18:29:46.883" level="INFO">Typing text 'robotframework' into text field 'xpath=//input[@name="q"]'.</msg>
<status status="PASS" starttime="20220726 18:29:46.883" endtime="20220726 18:29:46.966"/>
</kw>
<kw name="Sleep" library="BuiltIn">
<arg>10s</arg>
<doc>Pauses the test executed for the given time.</doc>
<msg timestamp="20220726 18:29:56.981" level="INFO">Slept 10 seconds</msg>
<status status="PASS" starttime="20220726 18:29:46.966" endtime="20220726 18:29:56.981"/>
</kw>
<kw name="Click Button" library="SeleniumLibrary">
<arg>xpath=(//input[@name='btnK'])[2]</arg>
<doc>Clicks the button identified by ``locator``.</doc>
<msg timestamp="20220726 18:29:56.981" level="INFO">Clicking button 'xpath=(//input[@name='btnK'])[2]'.</msg>
<status status="PASS" starttime="20220726 18:29:56.981" endtime="20220726 18:29:58.549"/>
</kw>
<kw name="Sleep" library="BuiltIn">
<arg>10s</arg>
<doc>Pauses the test executed for the given time.</doc>
<msg timestamp="20220726 18:30:08.552" level="INFO">Slept 10 seconds</msg>
<status status="PASS" starttime="20220726 18:29:58.549" endtime="20220726 18:30:08.552"/>
</kw>
<kw name="Close Browser" library="SeleniumLibrary">
<doc>Closes the current browser.</doc>
<status status="PASS" starttime="20220726 18:30:08.553" endtime="20220726 18:30:10.766"/>
</kw>
<status status="PASS" starttime="20220726 18:29:44.219" endtime="20220726 18:30:10.770"/>
</test>
<status status="PASS" starttime="20220726 18:29:44.081" endtime="20220726 18:30:10.772"/>
</suite>
<statistics>
<total>
<stat pass="1" fail="0" skip="0">All Tests</stat>
</total>
<tag>
</tag>
<suite>
<stat pass="1" fail="0" skip="0" id="s1" name="TC1">TC1</stat>
</suite>
</statistics>
<errors>
</errors>
</robot>
